0 info it worked if it ends with ok
1 verbose cli [ '/home/mogsor/.nvm/versions/node/v6.9.1/bin/node',
1 verbose cli   '/home/mogsor/.nvm/versions/node/v6.9.1/bin/npm',
1 verbose cli   'run',
1 verbose cli   'sass' ]
2 info using npm@3.10.8
3 info using node@v6.9.1
4 verbose run-script [ 'presass', 'sass', 'postsass' ]
5 info lifecycle @~presass: @
6 silly lifecycle @~presass: no script for presass, continuing
7 info lifecycle @~sass: @
8 verbose lifecycle @~sass: unsafe-perm in lifecycle true
9 verbose lifecycle @~sass: PATH: /home/mogsor/.nvm/versions/node/v6.9.1/lib/node_modules/npm/bin/node-gyp-bin:/home/mogsor/Public/monitor/node_modules/.bin:/home/mogsor/.rvm/gems/ruby-2.3.3/bin:/home/mogsor/.rvm/gems/ruby-2.3.3@global/bin:/home/mogsor/.rvm/rubies/ruby-2.3.3/bin:/home/mogsor/bin:/home/mogsor/.local/bin:/home/mogsor/bin:/home/mogsor/.local/bin:/usr/local/sbin:/usr/local/bin:/usr/sbin:/usr/bin:/sbin:/bin:/usr/games:/usr/local/games:/snap/bin:/home/mogsor/.rvm/bin:/snap/bin:/home/mogsor/.nvm/versions/node/v6.9.1/bin:/home/mogsor/.rvm/bin:/home/mogsor/.rvm/bin
10 verbose lifecycle @~sass: CWD: /home/mogsor/Public/monitor
11 silly lifecycle @~sass: Args: [ '-c',
11 silly lifecycle   'node-sass -w dev/sass -o app/css -r --output-style nested --indent-type space --indent-width 4 --error-bell' ]
12 silly lifecycle @~sass: Returned: code: 139  signal: null
13 info lifecycle @~sass: Failed to exec sass script
14 verbose stack Error: @ sass: `node-sass -w dev/sass -o app/css -r --output-style nested --indent-type space --indent-width 4 --error-bell`
14 verbose stack Exit status 139
14 verbose stack     at EventEmitter.<anonymous> (/home/mogsor/.nvm/versions/node/v6.9.1/lib/node_modules/npm/lib/utils/lifecycle.js:255:16)
14 verbose stack     at emitTwo (events.js:106:13)
14 verbose stack     at EventEmitter.emit (events.js:191:7)
14 verbose stack     at ChildProcess.<anonymous> (/home/mogsor/.nvm/versions/node/v6.9.1/lib/node_modules/npm/lib/utils/spawn.js:40:14)
14 verbose stack     at emitTwo (events.js:106:13)
14 verbose stack     at ChildProcess.emit (events.js:191:7)
14 verbose stack     at maybeClose (internal/child_process.js:877:16)
14 verbose stack     at Process.ChildProcess._handle.onexit (internal/child_process.js:226:5)
15 verbose pkgid @
16 verbose cwd /home/mogsor/Public/monitor
17 error Linux 4.8.0-27-generic
18 error argv "/home/mogsor/.nvm/versions/node/v6.9.1/bin/node" "/home/mogsor/.nvm/versions/node/v6.9.1/bin/npm" "run" "sass"
19 error node v6.9.1
20 error npm  v3.10.8
21 error code ELIFECYCLE
22 error @ sass: `node-sass -w dev/sass -o app/css -r --output-style nested --indent-type space --indent-width 4 --error-bell`
22 error Exit status 139
23 error Failed at the @ sass script 'node-sass -w dev/sass -o app/css -r --output-style nested --indent-type space --indent-width 4 --error-bell'.
23 error Make sure you have the latest version of node.js and npm installed.
23 error If you do, this is most likely a problem with the  package,
23 error not with npm itself.
23 error Tell the author that this fails on your system:
23 error     node-sass -w dev/sass -o app/css -r --output-style nested --indent-type space --indent-width 4 --error-bell
23 error You can get information on how to open an issue for this project with:
23 error     npm bugs
23 error Or if that isn't available, you can get their info via:
23 error     npm owner ls
23 error There is likely additional logging output above.
24 verbose exit [ 1, true ]
